May-19 11:45:07.797 [main] DEBUG nextflow.cli.Launcher - $> nextflow run main.nf --input coriell_total_subsample.csv --outdir 'gs://ngdx-runs/Analysis/Other/230330_HNC2CDSX5_Coriell_total/SubsampledReads' -w 'gs://ngdx-scratch-west1/tmp' -with-tower -resume
May-19 11:45:07.912 [main] INFO  nextflow.cli.CmdRun - N E X T F L O W  ~  version 23.04.1
May-19 11:45:07.939 [main] DEBUG nextflow.plugin.PluginsFacade - Setting up plugin manager > mode=prod; embedded=false; plugins-dir=/home/giuseppe/.nextflow/plugins; core-plugins: nf-amazon@1.16.2,nf-azure@1.0.1,nf-codecommit@0.1.4,nf-console@1.0.5,nf-ga4gh@1.0.5,nf-google@1.7.3,nf-tower@1.5.12,nf-wave@0.8.2
May-19 11:45:07.965 [main] INFO  org.pf4j.DefaultPluginStatusProvider - Enabled plugins: []
May-19 11:45:07.967 [main] INFO  org.pf4j.DefaultPluginStatusProvider - Disabled plugins: []
May-19 11:45:07.972 [main] INFO  org.pf4j.DefaultPluginManager - PF4J version 3.4.1 in 'deployment' mode
May-19 11:45:07.992 [main] INFO  org.pf4j.AbstractPluginManager - No plugins
May-19 11:45:08.022 [main] DEBUG nextflow.config.ConfigBuilder - Found config local: /home/giuseppe/Documents/Pipelines/subsample/nextflow.config
May-19 11:45:08.023 [main] DEBUG nextflow.config.ConfigBuilder - Parsing config file: /home/giuseppe/Documents/Pipelines/subsample/nextflow.config
May-19 11:45:08.062 [main] DEBUG nextflow.config.ConfigBuilder - Applying config profile: `standard`
May-19 11:45:08.891 [main] DEBUG nextflow.cli.CmdRun - Applied DSL=2 by global default
May-19 11:45:08.909 [main] INFO  nextflow.cli.CmdRun - Launching `main.nf` [elated_carson] DSL2 - revision: 29f292fab8
May-19 11:45:08.909 [main] DEBUG nextflow.plugin.PluginsFacade - Plugins default=[nf-google@1.7.3]
May-19 11:45:08.910 [main] DEBUG nextflow.plugin.PluginsFacade - Plugins resolved requirement=[nf-google@1.7.3, nf-tower@1.5.12]
May-19 11:45:08.910 [main] DEBUG nextflow.plugin.PluginUpdater - Installing plugin nf-google version: 1.7.3
May-19 11:45:08.922 [main] INFO  org.pf4j.AbstractPluginManager - Plugin 'nf-google@1.7.3' resolved
May-19 11:45:08.923 [main] INFO  org.pf4j.AbstractPluginManager - Start plugin 'nf-google@1.7.3'
May-19 11:45:08.980 [main] DEBUG nextflow.plugin.BasePlugin - Plugin started nf-google@1.7.3
May-19 11:45:08.980 [main] DEBUG nextflow.plugin.PluginUpdater - Installing plugin nf-tower version: 1.5.12
May-19 11:45:08.982 [main] INFO  org.pf4j.AbstractPluginManager - Plugin 'nf-tower@1.5.12' resolved
May-19 11:45:08.982 [main] INFO  org.pf4j.AbstractPluginManager - Start plugin 'nf-tower@1.5.12'
May-19 11:45:08.992 [main] DEBUG nextflow.plugin.BasePlugin - Plugin started nf-tower@1.5.12
May-19 11:45:09.008 [main] DEBUG nextflow.secret.LocalSecretsProvider - Secrets store: /home/giuseppe/.nextflow/secrets/store.json
May-19 11:45:09.012 [main] DEBUG nextflow.secret.SecretsLoader - Discovered secrets providers: [nextflow.secret.LocalSecretsProvider@6cbd0674] - activable => nextflow.secret.LocalSecretsProvider@6cbd0674
May-19 11:45:09.099 [main] DEBUG nextflow.Session - Session UUID: 52b5cb1c-a733-4479-b178-40ff58c574a8
May-19 11:45:09.100 [main] DEBUG nextflow.Session - Run name: elated_carson
May-19 11:45:09.101 [main] DEBUG nextflow.Session - Executor pool size: 8
May-19 11:45:09.391 [main] DEBUG nextflow.util.ThreadPoolBuilder - Creating thread pool 'FileTransfer' minSize=10; maxSize=24; workQueue=LinkedBlockingQueue[10000]; allowCoreThreadTimeout=false
May-19 11:45:09.396 [main] DEBUG nextflow.config.ConfigBuilder - Found config local: /home/giuseppe/Documents/Pipelines/subsample/nextflow.config
May-19 11:45:09.396 [main] DEBUG nextflow.config.ConfigBuilder - Parsing config file: /home/giuseppe/Documents/Pipelines/subsample/nextflow.config
May-19 11:45:09.396 [main] DEBUG nextflow.config.ConfigBuilder - Applying config profile: `standard`
May-19 11:45:09.494 [main] DEBUG nextflow.cli.CmdRun - 
  Version: 23.04.1 build 5866
  Created: 15-04-2023 06:51 UTC (08:51 CEST)
  System: Linux 5.15.0-72-generic
  Runtime: Groovy 3.0.16 on OpenJDK 64-Bit Server VM 11.0.19+7-post-Ubuntu-0ubuntu122.04.1
  Encoding: UTF-8 (UTF-8)
  Process: 41842@giuseppe-XPS [127.0.1.1]
  CPUs: 8 - Mem: 15.3 GB (5.2 GB) - Swap: 2 GB (2 GB)
May-19 11:45:09.526 [main] DEBUG nextflow.Session - Work-dir: gs://ngdx-scratch-west1/tmp [ext2/ext3]
May-19 11:45:09.526 [main] DEBUG nextflow.Session - Script base path does not exist or is not a directory: /home/giuseppe/Documents/Pipelines/subsample/bin
May-19 11:45:09.549 [main] DEBUG nextflow.executor.ExecutorFactory - Extension executors providers=[GoogleLifeSciencesExecutor, GoogleBatchExecutor]
May-19 11:45:09.561 [main] DEBUG nextflow.Session - Observer factory: DefaultObserverFactory
May-19 11:45:09.564 [main] DEBUG nextflow.Session - Observer factory: TowerFactory
May-19 11:45:09.701 [main] DEBUG nextflow.cache.CacheFactory - Using Nextflow cache factory: nextflow.cache.DefaultCacheFactory
May-19 11:45:09.730 [main] DEBUG nextflow.util.CustomThreadPool - Creating default thread pool > poolSize: 9; maxThreads: 1000
May-19 11:45:09.823 [main] DEBUG nextflow.Session - Session start
May-19 11:45:09.836 [main] DEBUG io.seqera.tower.plugin.TowerClient - Creating Tower observer -- endpoint=https://api.tower.nf; requestInterval=1s; aliveInterval=1m; maxRetries=5; backOffBase=3; backOffDelay=250
May-19 11:45:10.701 [main] DEBUG nextflow.script.ScriptRunner - > Launching execution
May-19 11:45:10.923 [main] DEBUG nextflow.executor.ExecutorFactory - << taskConfig executor: google-lifesciences
May-19 11:45:10.924 [main] DEBUG nextflow.executor.ExecutorFactory - >> processorType: 'google-lifesciences'
May-19 11:45:10.926 [main] DEBUG nextflow.executor.Executor - [warm up] executor > google-lifesciences
May-19 11:45:10.931 [main] DEBUG n.processor.TaskPollingMonitor - Creating task monitor for executor 'google-lifesciences' > capacity: 1000; pollInterval: 10s; dumpInterval: 5m 
May-19 11:45:10.944 [main] DEBUG n.c.g.l.GoogleLifeSciencesExecutor - Google Life Science config=GoogleLifeSciencesConfig(project:ngdx-nextflow, zones:[], regions:[europe-west1], preemptible:false, remoteBinDir:null, location:europe-west2, disableBinDir:false, bootDiskSize:null, cpuPlatform:null, sshDaemon:false, sshImage:gcr.io/cloud-genomics-pipelines/tools, debugMode:null, copyImage:google/cloud-sdk:slim, usePrivateAddress:false, enableRequesterPaysBuckets:false, network:null, subnetwork:null, serviceAccountEmail:null, parallelThreadCount:1, downloadMaxComponents:8, keepAliveOnFailure:false, maxParallelTransfers:4, maxTransferAttempts:1, delayBetweenAttempts:10s)
May-19 11:45:11.300 [main] DEBUG nextflow.Session - Workflow process names [dsl2]: subsample
May-19 11:45:11.462 [main] INFO  io.seqera.tower.plugin.TowerClient - Monitor the execution with Nextflow Tower using this URL: https://tower.nf/user/giuseppe-martone/watch/5kP138Cp20HMTs
May-19 11:45:11.465 [main] DEBUG nextflow.Session - Igniting dataflow network (2)
May-19 11:45:11.475 [main] DEBUG nextflow.processor.TaskProcessor - Starting process > subsample
May-19 11:45:11.476 [main] DEBUG nextflow.script.ScriptRunner - > Awaiting termination 
May-19 11:45:11.477 [main] DEBUG nextflow.Session - Session await
May-19 11:45:13.732 [Task submitter] DEBUG n.c.g.l.GoogleLifeSciencesTaskHandler - [GLS] Task submitted > subsample (8M) - Pipeline Id: 1245683761715174690
May-19 11:45:13.732 [Task submitter] INFO  nextflow.Session - [ae/1bb91c] Submitted process > subsample (8M)
May-19 11:45:14.313 [Task submitter] DEBUG n.c.g.l.GoogleLifeSciencesTaskHandler - [GLS] Task submitted > subsample (6M) - Pipeline Id: 6055955623041549713
May-19 11:45:14.313 [Task submitter] INFO  nextflow.Session - [5d/ab88fd] Submitted process > subsample (6M)
May-19 11:45:14.858 [Task submitter] DEBUG n.c.g.l.GoogleLifeSciencesTaskHandler - [GLS] Task submitted > subsample (2M) - Pipeline Id: 12457326945515311900
May-19 11:45:14.859 [Task submitter] INFO  nextflow.Session - [07/adfe72] Submitted process > subsample (2M)
May-19 11:45:15.393 [Task submitter] DEBUG n.c.g.l.GoogleLifeSciencesTaskHandler - [GLS] Task submitted > subsample (12878_Coriell_RNA_Cell) - Pipeline Id: 12103773157734456531
May-19 11:45:15.393 [Task submitter] INFO  nextflow.Session - [9f/c2e8d0] Submitted process > subsample (12878_Coriell_RNA_Cell)
May-19 11:45:15.889 [Task submitter] DEBUG n.c.g.l.GoogleLifeSciencesTaskHandler - [GLS] Task submitted > subsample (3M) - Pipeline Id: 5215129002106879907
May-19 11:45:15.889 [Task submitter] INFO  nextflow.Session - [5d/cf2442] Submitted process > subsample (3M)
May-19 11:45:16.432 [Task submitter] DEBUG n.c.g.l.GoogleLifeSciencesTaskHandler - [GLS] Task submitted > subsample (9M) - Pipeline Id: 14016509086026914776
May-19 11:45:16.433 [Task submitter] INFO  nextflow.Session - [91/b2bdde] Submitted process > subsample (9M)
May-19 11:45:16.943 [Task submitter] DEBUG n.c.g.l.GoogleLifeSciencesTaskHandler - [GLS] Task submitted > subsample (1M) - Pipeline Id: 5161500768774461375
May-19 11:45:16.943 [Task submitter] INFO  nextflow.Session - [5d/f12924] Submitted process > subsample (1M)
May-19 11:45:17.475 [Task submitter] DEBUG n.c.g.l.GoogleLifeSciencesTaskHandler - [GLS] Task submitted > subsample (10M) - Pipeline Id: 10190198364999263012
May-19 11:45:17.475 [Task submitter] INFO  nextflow.Session - [1e/07a3ad] Submitted process > subsample (10M)
May-19 11:45:17.972 [Task submitter] DEBUG n.c.g.l.GoogleLifeSciencesTaskHandler - [GLS] Task submitted > subsample (24149_Coriell_RNA_cell) - Pipeline Id: 2210313802216130561
May-19 11:45:17.972 [Task submitter] INFO  nextflow.Session - [22/f550b5] Submitted process > subsample (24149_Coriell_RNA_cell)
